[2018-11-27 10:06:47,436][Thread-1:8124][task_id:mine.apps.user.helper][helper.py:26][INFO][{'user_user': {'add': True, 'view': True, 'delete': True, 'change': True}, 'auth_permission': {'view': True, 'add': True, 'delete': True, 'change': True}, 'component_component': {'add': True, 'view': True, 'delete': True, 'change': True}, 'auth_group': {'add': True, 'delete': True, 'view': True, 'change': True}, 'nav_navitem': {'view': True, 'change': True, 'delete': True, 'add': True}}]
[2018-11-27 10:06:47,441][Thread-1:8124][task_id:mine.apps.user.helper][helper.py:43][INFO]['NoneType' object has no attribute 'is_root']
[2018-11-27 10:12:30,410][Thread-1:23704][task_id:mine.apps.user.helper][helper.py:26][INFO][{'user_user': {'change': True, 'delete': True, 'view': True, 'add': True}, 'auth_permission': {'view': True, 'delete': True, 'add': True, 'change': True}, 'nav_navitem': {'delete': True, 'add': True, 'change': True, 'view': True}, 'auth_group': {'view': True, 'delete': True, 'add': True, 'change': True}, 'component_component': {'view': True, 'delete': True, 'change': True, 'add': True}}]
[2018-11-27 10:12:30,426][Thread-1:23704][task_id:mine.apps.user.helper][helper.py:36][INFO][LoginAction:root login-------]
[2018-11-27 10:13:25,116][Thread-3:23748][task_id:mine.apps.user.helper][helper.py:26][INFO][{'user_user': {'change': True, 'delete': True, 'view': True, 'add': True}, 'auth_permission': {'view': True, 'delete': True, 'add': True, 'change': True}, 'nav_navitem': {'delete': True, 'add': True, 'change': True, 'view': True}, 'auth_group': {'view': True, 'delete': True, 'add': True, 'change': True}, 'component_component': {'view': True, 'delete': True, 'change': True, 'add': True}}]
[2018-11-27 10:13:25,136][Thread-3:23748][task_id:mine.apps.user.helper][helper.py:36][INFO][LoginAction:root login-------]
[2018-11-27 10:13:34,899][Thread-4:23416][task_id:mine.apps.user.helper][helper.py:26][INFO][{'user_user': {'change': True, 'delete': True, 'view': True, 'add': True}, 'auth_permission': {'view': True, 'delete': True, 'add': True, 'change': True}, 'nav_navitem': {'delete': True, 'add': True, 'change': True, 'view': True}, 'auth_group': {'view': True, 'delete': True, 'add': True, 'change': True}, 'component_component': {'view': True, 'delete': True, 'change': True, 'add': True}}]
[2018-11-27 10:13:34,915][Thread-4:23416][task_id:mine.apps.user.helper][helper.py:36][INFO][LoginAction:root login-------]
[2018-11-27 10:14:43,823][Thread-1:11204][task_id:mine.apps.user.helper][helper.py:25][INFO][{'component_component': {'change': True, 'view': True, 'add': True, 'delete': True}, 'user_user': {'change': True, 'delete': True, 'view': True, 'add': True}, 'auth_group': {'add': True, 'change': True, 'delete': True, 'view': True}, 'nav_navitem': {'change': True, 'view': True, 'add': True, 'delete': True}, 'auth_permission': {'add': True, 'view': True, 'delete': True, 'change': True}}]
[2018-11-27 10:14:43,841][Thread-1:11204][task_id:mine.apps.user.helper][helper.py:35][INFO][LoginAction:root login-------]
[2018-11-27 10:15:03,853][Thread-3:14520][task_id:mine.apps.user.helper][helper.py:25][INFO][{'component_component': {'change': True, 'view': True, 'add': True, 'delete': True}, 'user_user': {'change': True, 'delete': True, 'view': True, 'add': True}, 'auth_group': {'add': True, 'change': True, 'delete': True, 'view': True}, 'nav_navitem': {'change': True, 'view': True, 'add': True, 'delete': True}, 'auth_permission': {'add': True, 'view': True, 'delete': True, 'change': True}}]
[2018-11-27 10:15:03,869][Thread-3:14520][task_id:mine.apps.user.helper][helper.py:35][INFO][LoginAction:root login-------]
[2018-11-27 10:17:40,199][Thread-1:4632][task_id:mine.apps.user.helper][helper.py:35][INFO][LoginAction:root login-------]
[2018-11-27 10:17:40,200][Thread-1:4632][task_id:mine.apps.user.helper][helper.py:36][INFO][{'code': 1, 'username': 'root', 'permissionDict': '{"auth_group": {"view": true, "delete": true, "add": true, "change": true}, "nav_navitem": {"delete": true, "change": true, "add": true, "view": true}, "user_user": {"add": true, "view": true, "change": true, "delete": true}, "auth_permission": {"add": true, "change": true, "delete": true, "view": true}, "component_component": {"delete": true, "change": true, "add": true, "view": true}}', 'routes': '{"routes": [{"id": 2, "name": "\\u6743\\u9650\\u8bbe\\u7f6e", "code": "powersetting", "content_type_id": 0, "is_root": true, "father_code": null, "has_children": true, "href": null, "icon": "el-icon-tickets", "component": " ", "status": true}, {"id": 5, "name": "\\u7528\\u6237", "code": "user_user", "content_type_id": 13, "is_root": false, "father_code": "powersetting", "has_children": false, "href": "/model/user_User", "icon": "el-icon-location-outline", "component": "baseType", "status": true}, {"id": 9, "name": "\\u7ec4\\u4ef6", "code": "component_component", "content_type_id": 18, "is_root": false, "father_code": "powersetting", "has_children": false, "href": "/model/component_Component", "icon": "el-icon-location-outline", "component": "baseType", "status": true}, {"id": 6, "name": "\\u6743\\u9650", "code": "auth_permission", "content_type_id": 2, "is_root": false, "father_code": "powersetting", "has_children": false, "href": "/model/auth_Permission", "icon": "el-icon-location-outline", "component": "baseType", "status": true}, {"id": 7, "name": "\\u89d2\\u8272", "code": "auth_group", "content_type_id": 3, "is_root": false, "father_code": "powersetting", "has_children": false, "href": "/groups/auth_Group", "icon": "el-icon-location-outline", "component": "groupsType", "status": true}, {"id": 4, "name": "\\u83dc\\u5355", "code": "nav_navitem", "content_type_id": 16, "is_root": false, "father_code": "powersetting", "has_children": false, "href": "/model/nav_NavItem", "icon": "el-icon-location-outline", "component": "baseType", "status": true}], "componentList": [{"code": "baseType", "path": "/model/:modelname"}, {"code": "groupsType", "path": "/groups/:groupsname"}]}'}]
[2018-11-27 10:18:20,424][Thread-3:17560][task_id:mine.apps.user.helper][helper.py:35][INFO][LoginAction:root login-------]
[2018-11-27 10:18:20,424][Thread-3:17560][task_id:mine.apps.user.helper][helper.py:36][INFO][{'code': 1, 'username': 'root', 'permissionDict': '{"auth_group": {"view": true, "delete": true, "add": true, "change": true}, "nav_navitem": {"delete": true, "change": true, "add": true, "view": true}, "user_user": {"add": true, "view": true, "change": true, "delete": true}, "auth_permission": {"add": true, "change": true, "delete": true, "view": true}, "component_component": {"delete": true, "change": true, "add": true, "view": true}}', 'routes': '{"routes": [{"id": 2, "name": "\\u6743\\u9650\\u8bbe\\u7f6e", "code": "powersetting", "content_type_id": 0, "is_root": true, "father_code": null, "has_children": true, "href": null, "icon": "el-icon-tickets", "component": " ", "status": true}, {"id": 5, "name": "\\u7528\\u6237", "code": "user_user", "content_type_id": 13, "is_root": false, "father_code": "powersetting", "has_children": false, "href": "/model/user_User", "icon": "el-icon-location-outline", "component": "baseType", "status": true}, {"id": 9, "name": "\\u7ec4\\u4ef6", "code": "component_component", "content_type_id": 18, "is_root": false, "father_code": "powersetting", "has_children": false, "href": "/model/component_Component", "icon": "el-icon-location-outline", "component": "baseType", "status": true}, {"id": 6, "name": "\\u6743\\u9650", "code": "auth_permission", "content_type_id": 2, "is_root": false, "father_code": "powersetting", "has_children": false, "href": "/model/auth_Permission", "icon": "el-icon-location-outline", "component": "baseType", "status": true}, {"id": 7, "name": "\\u89d2\\u8272", "code": "auth_group", "content_type_id": 3, "is_root": false, "father_code": "powersetting", "has_children": false, "href": "/groups/auth_Group", "icon": "el-icon-location-outline", "component": "groupsType", "status": true}, {"id": 4, "name": "\\u83dc\\u5355", "code": "nav_navitem", "content_type_id": 16, "is_root": false, "father_code": "powersetting", "has_children": false, "href": "/model/nav_NavItem", "icon": "el-icon-location-outline", "component": "baseType", "status": true}], "componentList": [{"code": "baseType", "path": "/model/:modelname"}, {"code": "groupsType", "path": "/groups/:groupsname"}]}'}]
[2018-11-27 10:18:30,946][Thread-4:7584][task_id:mine.apps.user.helper][helper.py:35][INFO][LoginAction:root login-------]
[2018-11-27 10:18:30,947][Thread-4:7584][task_id:mine.apps.user.helper][helper.py:36][INFO][{'code': 1, 'username': 'root', 'permissionDict': '{"auth_group": {"view": true, "delete": true, "add": true, "change": true}, "nav_navitem": {"delete": true, "change": true, "add": true, "view": true}, "user_user": {"add": true, "view": true, "change": true, "delete": true}, "auth_permission": {"add": true, "change": true, "delete": true, "view": true}, "component_component": {"delete": true, "change": true, "add": true, "view": true}}', 'routes': '{"routes": [{"id": 2, "name": "\\u6743\\u9650\\u8bbe\\u7f6e", "code": "powersetting", "content_type_id": 0, "is_root": true, "father_code": null, "has_children": true, "href": null, "icon": "el-icon-tickets", "component": " ", "status": true}, {"id": 5, "name": "\\u7528\\u6237", "code": "user_user", "content_type_id": 13, "is_root": false, "father_code": "powersetting", "has_children": false, "href": "/model/user_User", "icon": "el-icon-location-outline", "component": "baseType", "status": true}, {"id": 9, "name": "\\u7ec4\\u4ef6", "code": "component_component", "content_type_id": 18, "is_root": false, "father_code": "powersetting", "has_children": false, "href": "/model/component_Component", "icon": "el-icon-location-outline", "component": "baseType", "status": true}, {"id": 6, "name": "\\u6743\\u9650", "code": "auth_permission", "content_type_id": 2, "is_root": false, "father_code": "powersetting", "has_children": false, "href": "/model/auth_Permission", "icon": "el-icon-location-outline", "component": "baseType", "status": true}, {"id": 7, "name": "\\u89d2\\u8272", "code": "auth_group", "content_type_id": 3, "is_root": false, "father_code": "powersetting", "has_children": false, "href": "/groups/auth_Group", "icon": "el-icon-location-outline", "component": "groupsType", "status": true}, {"id": 4, "name": "\\u83dc\\u5355", "code": "nav_navitem", "content_type_id": 16, "is_root": false, "father_code": "powersetting", "has_children": false, "href": "/model/nav_NavItem", "icon": "el-icon-location-outline", "component": "baseType", "status": true}], "componentList": [{"code": "baseType", "path": "/model/:modelname"}, {"code": "groupsType", "path": "/groups/:groupsname"}]}'}]
[2018-11-27 10:21:33,217][Thread-1:23424][task_id:mine.apps.user.helper][helper.py:35][INFO][LoginAction:root login-------]
[2018-11-27 10:21:33,217][Thread-1:23424][task_id:mine.apps.user.helper][helper.py:36][INFO][{'code': 1, 'username': 'root', 'permissionDict': '{"component_component": {"view": true, "add": true, "change": true, "delete": true}, "auth_group": {"change": true, "delete": true, "view": true, "add": true}, "user_user": {"add": true, "change": true, "view": true, "delete": true}, "auth_permission": {"view": true, "change": true, "delete": true, "add": true}, "nav_navitem": {"delete": true, "view": true, "change": true, "add": true}}', 'routes': '{"routes": [{"id": 2, "name": "\\u6743\\u9650\\u8bbe\\u7f6e", "code": "powersetting", "content_type_id": 0, "is_root": true, "father_code": null, "has_children": true, "href": null, "icon": "el-icon-tickets", "component": " ", "status": true}, {"id": 4, "name": "\\u83dc\\u5355", "code": "nav_navitem", "content_type_id": 16, "is_root": false, "father_code": "powersetting", "has_children": false, "href": "/model/nav_NavItem", "icon": "el-icon-location-outline", "component": "baseType", "status": true}, {"id": 7, "name": "\\u89d2\\u8272", "code": "auth_group", "content_type_id": 3, "is_root": false, "father_code": "powersetting", "has_children": false, "href": "/groups/auth_Group", "icon": "el-icon-location-outline", "component": "groupsType", "status": true}, {"id": 6, "name": "\\u6743\\u9650", "code": "auth_permission", "content_type_id": 2, "is_root": false, "father_code": "powersetting", "has_children": false, "href": "/model/auth_Permission", "icon": "el-icon-location-outline", "component": "baseType", "status": true}, {"id": 5, "name": "\\u7528\\u6237", "code": "user_user", "content_type_id": 13, "is_root": false, "father_code": "powersetting", "has_children": false, "href": "/model/user_User", "icon": "el-icon-location-outline", "component": "baseType", "status": true}, {"id": 9, "name": "\\u7ec4\\u4ef6", "code": "component_component", "content_type_id": 18, "is_root": false, "father_code": "powersetting", "has_children": false, "href": "/model/component_Component", "icon": "el-icon-location-outline", "component": "baseType", "status": true}], "componentList": [{"code": "baseType", "path": "/model/:modelname"}, {"code": "groupsType", "path": "/groups/:groupsname"}]}'}]
[2018-11-27 10:21:55,622][Thread-6:25004][task_id:django.request][log.py:228][ERROR][Internal Server Error: /modeloperations/getMsg]
Traceback (most recent call last):
  File "D:\program\Anconda\lib\site-packages\django\core\handlers\exception.py", line 34, in inner
    response = get_response(request)
  File "D:\program\Anconda\lib\site-packages\django\core\handlers\base.py", line 126, in _get_response
    response = self.process_exception_by_middleware(e, request)
  File "D:\program\Anconda\lib\site-packages\django\core\handlers\base.py", line 124, in _get_response
    response = wrapped_callback(request, *callback_args, **callback_kwargs)
  File "D:\program\Anconda\lib\site-packages\django\views\decorators\csrf.py", line 54, in wrapped_view
    return view_func(*args, **kwargs)
  File "D:\project\django\yisheng\mine\ManagerAPI\baseModelOperations\ModelOperations.py", line 34, in getMsg
    datas = modelUtilFactory().getModelUtil(modelName).getPostData(search_field,current_page,page_size)
  File "D:\project\django\yisheng\mine\ManagerAPI\baseModelOperations\modelUtil\userModelUtil.py", line 20, in getPostData
    data, dataSize = self.getDatas(search_field, current_page, page_size)
  File "D:\project\django\yisheng\mine\ManagerAPI\baseModelOperations\modelUtil\userModelUtil.py", line 61, in getDatas
    item['groups'] = groups.name
AttributeError: 'NoneType' object has no attribute 'name'
[2018-11-27 10:21:58,386][Thread-8:13524][task_id:django.request][log.py:228][ERROR][Internal Server Error: /modeloperations/getMsg]
Traceback (most recent call last):
  File "D:\program\Anconda\lib\site-packages\django\core\handlers\exception.py", line 34, in inner
    response = get_response(request)
  File "D:\program\Anconda\lib\site-packages\django\core\handlers\base.py", line 126, in _get_response
    response = self.process_exception_by_middleware(e, request)
  File "D:\program\Anconda\lib\site-packages\django\core\handlers\base.py", line 124, in _get_response
    response = wrapped_callback(request, *callback_args, **callback_kwargs)
  File "D:\program\Anconda\lib\site-packages\django\views\decorators\csrf.py", line 54, in wrapped_view
    return view_func(*args, **kwargs)
  File "D:\project\django\yisheng\mine\ManagerAPI\baseModelOperations\ModelOperations.py", line 34, in getMsg
    datas = modelUtilFactory().getModelUtil(modelName).getPostData(search_field,current_page,page_size)
  File "D:\project\django\yisheng\mine\ManagerAPI\baseModelOperations\modelUtil\userModelUtil.py", line 20, in getPostData
    data, dataSize = self.getDatas(search_field, current_page, page_size)
  File "D:\project\django\yisheng\mine\ManagerAPI\baseModelOperations\modelUtil\userModelUtil.py", line 61, in getDatas
    item['groups'] = groups.name
AttributeError: 'NoneType' object has no attribute 'name'
[2018-11-27 10:22:00,881][Thread-10:20044][task_id:django.request][log.py:228][ERROR][Internal Server Error: /modeloperations/getMsg]
Traceback (most recent call last):
  File "D:\program\Anconda\lib\site-packages\django\core\handlers\exception.py", line 34, in inner
    response = get_response(request)
  File "D:\program\Anconda\lib\site-packages\django\core\handlers\base.py", line 126, in _get_response
    response = self.process_exception_by_middleware(e, request)
  File "D:\program\Anconda\lib\site-packages\django\core\handlers\base.py", line 124, in _get_response
    response = wrapped_callback(request, *callback_args, **callback_kwargs)
  File "D:\program\Anconda\lib\site-packages\django\views\decorators\csrf.py", line 54, in wrapped_view
    return view_func(*args, **kwargs)
  File "D:\project\django\yisheng\mine\ManagerAPI\baseModelOperations\ModelOperations.py", line 34, in getMsg
    datas = modelUtilFactory().getModelUtil(modelName).getPostData(search_field,current_page,page_size)
  File "D:\project\django\yisheng\mine\ManagerAPI\baseModelOperations\modelUtil\userModelUtil.py", line 20, in getPostData
    data, dataSize = self.getDatas(search_field, current_page, page_size)
  File "D:\project\django\yisheng\mine\ManagerAPI\baseModelOperations\modelUtil\userModelUtil.py", line 61, in getDatas
    item['groups'] = groups.name
AttributeError: 'NoneType' object has no attribute 'name'
[2018-11-27 10:22:27,919][Thread-14:10348][task_id:django.request][log.py:228][ERROR][Internal Server Error: /modeloperations/getMsg]
Traceback (most recent call last):
  File "D:\program\Anconda\lib\site-packages\django\core\handlers\exception.py", line 34, in inner
    response = get_response(request)
  File "D:\program\Anconda\lib\site-packages\django\core\handlers\base.py", line 126, in _get_response
    response = self.process_exception_by_middleware(e, request)
  File "D:\program\Anconda\lib\site-packages\django\core\handlers\base.py", line 124, in _get_response
    response = wrapped_callback(request, *callback_args, **callback_kwargs)
  File "D:\program\Anconda\lib\site-packages\django\views\decorators\csrf.py", line 54, in wrapped_view
    return view_func(*args, **kwargs)
  File "D:\project\django\yisheng\mine\ManagerAPI\baseModelOperations\ModelOperations.py", line 34, in getMsg
    datas = modelUtilFactory().getModelUtil(modelName).getPostData(search_field,current_page,page_size)
  File "D:\project\django\yisheng\mine\ManagerAPI\baseModelOperations\modelUtil\userModelUtil.py", line 20, in getPostData
    data, dataSize = self.getDatas(search_field, current_page, page_size)
  File "D:\project\django\yisheng\mine\ManagerAPI\baseModelOperations\modelUtil\userModelUtil.py", line 61, in getDatas
    item['groups'] = groups.name
AttributeError: 'NoneType' object has no attribute 'name'
[2018-11-27 10:28:25,962][Thread-3:13036][task_id:django.request][log.py:228][ERROR][Internal Server Error: /modeloperations/getMsg]
Traceback (most recent call last):
  File "D:\program\Anconda\lib\site-packages\django\core\handlers\exception.py", line 34, in inner
    response = get_response(request)
  File "D:\program\Anconda\lib\site-packages\django\core\handlers\base.py", line 126, in _get_response
    response = self.process_exception_by_middleware(e, request)
  File "D:\program\Anconda\lib\site-packages\django\core\handlers\base.py", line 124, in _get_response
    response = wrapped_callback(request, *callback_args, **callback_kwargs)
  File "D:\program\Anconda\lib\site-packages\django\views\decorators\csrf.py", line 54, in wrapped_view
    return view_func(*args, **kwargs)
  File "D:\project\django\yisheng\mine\ManagerAPI\baseModelOperations\ModelOperations.py", line 34, in getMsg
    datas = modelUtilFactory().getModelUtil(modelName).getPostData(search_field,current_page,page_size)
  File "D:\project\django\yisheng\mine\ManagerAPI\baseModelOperations\modelUtil\userModelUtil.py", line 20, in getPostData
    data, dataSize = self.getDatas(search_field, current_page, page_size)
  File "D:\project\django\yisheng\mine\ManagerAPI\baseModelOperations\modelUtil\userModelUtil.py", line 59, in getDatas
    item['groups'] = groups.name
AttributeError: 'NoneType' object has no attribute 'name'
[2018-11-27 10:30:01,956][Thread-6:2880][task_id:mine.apps.user.helper][helper.py:35][INFO][LoginAction:root login-------]
[2018-11-27 10:30:01,957][Thread-6:2880][task_id:mine.apps.user.helper][helper.py:36][INFO][{'code': 1, 'username': 'root', 'permissionDict': '{"nav_navitem": {"view": true, "delete": true, "add": true, "change": true}, "user_user": {"delete": true, "add": true, "change": true, "view": true}, "component_component": {"delete": true, "view": true, "change": true, "add": true}, "auth_group": {"add": true, "delete": true, "change": true, "view": true}, "auth_permission": {"add": true, "view": true, "delete": true, "change": true}}', 'routes': '{"routes": [{"id": 2, "name": "\\u6743\\u9650\\u8bbe\\u7f6e", "code": "powersetting", "content_type_id": 0, "is_root": true, "father_code": null, "has_children": true, "href": null, "icon": "el-icon-tickets", "component": " ", "status": true}, {"id": 7, "name": "\\u89d2\\u8272", "code": "auth_group", "content_type_id": 3, "is_root": false, "father_code": "powersetting", "has_children": false, "href": "/groups/auth_Group", "icon": "el-icon-location-outline", "component": "groupsType", "status": true}, {"id": 6, "name": "\\u6743\\u9650", "code": "auth_permission", "content_type_id": 2, "is_root": false, "father_code": "powersetting", "has_children": false, "href": "/model/auth_Permission", "icon": "el-icon-location-outline", "component": "baseType", "status": true}, {"id": 9, "name": "\\u7ec4\\u4ef6", "code": "component_component", "content_type_id": 18, "is_root": false, "father_code": "powersetting", "has_children": false, "href": "/model/component_Component", "icon": "el-icon-location-outline", "component": "baseType", "status": true}, {"id": 4, "name": "\\u83dc\\u5355", "code": "nav_navitem", "content_type_id": 16, "is_root": false, "father_code": "powersetting", "has_children": false, "href": "/model/nav_NavItem", "icon": "el-icon-location-outline", "component": "baseType", "status": true}, {"id": 5, "name": "\\u7528\\u6237", "code": "user_user", "content_type_id": 13, "is_root": false, "father_code": "powersetting", "has_children": false, "href": "/model/user_User", "icon": "el-icon-location-outline", "component": "baseType", "status": true}], "componentList": [{"code": "baseType", "path": "/model/:modelname"}, {"code": "groupsType", "path": "/groups/:groupsname"}]}'}]
[2018-11-27 10:38:58,565][Thread-1:8752][task_id:django.request][log.py:228][WARNING][Not Found: /user/testlogin/]
[2018-11-27 10:40:03,160][Thread-1:20108][task_id:mine.API.loginOperations.loginOperations][loginOperations.py:31][INFO][LoginAction:root login-------]
[2018-11-27 10:40:03,161][Thread-1:20108][task_id:mine.API.loginOperations.loginOperations][loginOperations.py:32][INFO][{'code': 1, 'username': 'root', 'permissionDict': '{"component_component": {"delete": true, "add": true, "view": true, "change": true}, "auth_permission": {"view": true, "add": true, "delete": true, "change": true}, "auth_group": {"change": true, "view": true, "add": true, "delete": true}, "user_user": {"view": true, "add": true, "change": true, "delete": true}, "nav_navitem": {"change": true, "delete": true, "view": true, "add": true}}', 'routes': '{"routes": [{"id": 2, "name": "\\u6743\\u9650\\u8bbe\\u7f6e", "code": "powersetting", "content_type_id": 0, "is_root": true, "father_code": null, "has_children": true, "href": null, "icon": "el-icon-tickets", "component": " ", "status": true}, {"id": 9, "name": "\\u7ec4\\u4ef6", "code": "component_component", "content_type_id": 18, "is_root": false, "father_code": "powersetting", "has_children": false, "href": "/model/component_Component", "icon": "el-icon-location-outline", "component": "baseType", "status": true}, {"id": 6, "name": "\\u6743\\u9650", "code": "auth_permission", "content_type_id": 2, "is_root": false, "father_code": "powersetting", "has_children": false, "href": "/model/auth_Permission", "icon": "el-icon-location-outline", "component": "baseType", "status": true}, {"id": 7, "name": "\\u89d2\\u8272", "code": "auth_group", "content_type_id": 3, "is_root": false, "father_code": "powersetting", "has_children": false, "href": "/groups/auth_Group", "icon": "el-icon-location-outline", "component": "groupsType", "status": true}, {"id": 5, "name": "\\u7528\\u6237", "code": "user_user", "content_type_id": 13, "is_root": false, "father_code": "powersetting", "has_children": false, "href": "/model/user_User", "icon": "el-icon-location-outline", "component": "baseType", "status": true}, {"id": 4, "name": "\\u83dc\\u5355", "code": "nav_navitem", "content_type_id": 16, "is_root": false, "father_code": "powersetting", "has_children": false, "href": "/model/nav_NavItem", "icon": "el-icon-location-outline", "component": "baseType", "status": true}], "componentList": [{"code": "baseType", "path": "/model/:modelname"}, {"code": "groupsType", "path": "/groups/:groupsname"}]}'}]
[2018-11-27 10:41:01,447][Thread-11:6500][task_id:mine.API.loginOperations.loginOperations][loginOperations.py:31][INFO][LoginAction:new login-------]
[2018-11-27 10:41:01,448][Thread-11:6500][task_id:mine.API.loginOperations.loginOperations][loginOperations.py:32][INFO][{'code': 1, 'username': 'new', 'permissionDict': '{}', 'routes': '{"routes": [], "componentList": [{"code": "baseType", "path": "/model/:modelname"}, {"code": "groupsType", "path": "/groups/:groupsname"}, {"code": "s", "path": "d"}]}'}]
[2018-11-27 10:53:43,871][Thread-1:10292][task_id:mine.API.loginOperations.loginOperations][loginOperations.py:31][INFO][LoginAction:root login-------]
[2018-11-27 10:53:43,871][Thread-1:10292][task_id:mine.API.loginOperations.loginOperations][loginOperations.py:32][INFO][{'code': 1, 'username': 'root', 'permissionDict': '{"user_user": {"delete": true, "view": true, "add": true, "change": true}, "auth_permission": {"delete": true, "change": true, "add": true, "view": true}, "nav_navitem": {"change": true, "add": true, "view": true, "delete": true}, "auth_group": {"change": true, "delete": true, "add": true, "view": true}, "component_component": {"change": true, "view": true, "add": true, "delete": true}}', 'routes': '{"routes": [{"id": 2, "name": "\\u6743\\u9650\\u8bbe\\u7f6e", "code": "powersetting", "content_type_id": 0, "is_root": true, "father_code": null, "has_children": true, "href": null, "icon": "el-icon-tickets", "component": " ", "status": true}, {"id": 4, "name": "\\u83dc\\u5355", "code": "nav_navitem", "content_type_id": 16, "is_root": false, "father_code": "powersetting", "has_children": false, "href": "/model/nav_NavItem", "icon": "el-icon-location-outline", "component": "baseType", "status": true}, {"id": 5, "name": "\\u7528\\u6237", "code": "user_user", "content_type_id": 13, "is_root": false, "father_code": "powersetting", "has_children": false, "href": "/model/user_User", "icon": "el-icon-location-outline", "component": "baseType", "status": true}, {"id": 7, "name": "\\u89d2\\u8272", "code": "auth_group", "content_type_id": 3, "is_root": false, "father_code": "powersetting", "has_children": false, "href": "/groups/auth_Group", "icon": "el-icon-location-outline", "component": "groupsType", "status": true}, {"id": 9, "name": "\\u7ec4\\u4ef6", "code": "component_component", "content_type_id": 18, "is_root": false, "father_code": "powersetting", "has_children": false, "href": "/model/component_Component", "icon": "el-icon-location-outline", "component": "baseType", "status": true}, {"id": 6, "name": "\\u6743\\u9650", "code": "auth_permission", "content_type_id": 2, "is_root": false, "father_code": "powersetting", "has_children": false, "href": "/model/auth_Permission", "icon": "el-icon-location-outline", "component": "baseType", "status": true}], "componentList": [{"code": "baseType", "path": "/model/:modelname"}, {"code": "groupsType", "path": "/groups/:groupsname"}]}'}]
